0 info it worked if it ends with ok
1 verbose cli [ 'C:\\Program Files\\nodejs\\node.exe',
1 verbose cli   'C:\\Program Files\\nodejs\\node_modules\\npm\\bin\\npm-cli.js',
1 verbose cli   'info' ]
2 info using npm@3.10.10
3 info using node@v6.11.4
4 silly mapToRegistry name Moodle
5 silly mapToRegistry using default registry
6 silly mapToRegistry registry https://registry.npmjs.org/
7 silly mapToRegistry data Result {
7 silly mapToRegistry   raw: 'Moodle',
7 silly mapToRegistry   scope: null,
7 silly mapToRegistry   escapedName: 'Moodle',
7 silly mapToRegistry   name: 'Moodle',
7 silly mapToRegistry   rawSpec: '',
7 silly mapToRegistry   spec: 'latest',
7 silly mapToRegistry   type: 'tag' }
8 silly mapToRegistry uri https://registry.npmjs.org/Moodle
9 verbose request uri https://registry.npmjs.org/Moodle
10 verbose request no auth needed
11 info attempt registry request try #1 at 13:14:54
12 verbose request id 9dedc64441b5d83d
13 http request GET https://registry.npmjs.org/Moodle
14 http 404 https://registry.npmjs.org/Moodle
15 verbose headers { date: 'Fri, 02 Aug 2019 11:14:55 GMT',
15 verbose headers   'content-type': 'application/json',
15 verbose headers   'content-length': '21',
15 verbose headers   connection: 'keep-alive',
15 verbose headers   'set-cookie': [ '__cfduid=d84a78af8c79a026d8469cb0be4bb45e51564744495; expires=Sat, 01-Aug-20 11:14:55 GMT; path=/; domain=.npmjs.org; HttpOnly' ],
15 verbose headers   'cf-cache-status': 'MISS',
15 verbose headers   'cache-control': 'max-age=300',
15 verbose headers   'cf-ray': '4fffa18659b059ca-VIE',
15 verbose headers   'expect-ct': 'max-age=604800, report-uri="https://report-uri.cloudflare.com/cdn-cgi/beacon/expect-ct"',
15 verbose headers   vary: 'accept-encoding, accept',
15 verbose headers   server: 'cloudflare' }
16 silly get cb [ 404,
16 silly get   { date: 'Fri, 02 Aug 2019 11:14:55 GMT',
16 silly get     'content-type': 'application/json',
16 silly get     'content-length': '21',
16 silly get     connection: 'keep-alive',
16 silly get     'set-cookie': [ '__cfduid=d84a78af8c79a026d8469cb0be4bb45e51564744495; expires=Sat, 01-Aug-20 11:14:55 GMT; path=/; domain=.npmjs.org; HttpOnly' ],
16 silly get     'cf-cache-status': 'MISS',
16 silly get     'cache-control': 'max-age=300',
16 silly get     'cf-ray': '4fffa18659b059ca-VIE',
16 silly get     'expect-ct': 'max-age=604800, report-uri="https://report-uri.cloudflare.com/cdn-cgi/beacon/expect-ct"',
16 silly get     vary: 'accept-encoding, accept',
16 silly get     server: 'cloudflare' } ]
17 verbose stack Error: Not found : Moodle
17 verbose stack     at makeError (C:\Program Files\nodejs\node_modules\npm\node_modules\npm-registry-client\lib\request.js:302:12)
17 verbose stack     at CachingRegistryClient.<anonymous> (C:\Program Files\nodejs\node_modules\npm\node_modules\npm-registry-client\lib\request.js:290:14)
17 verbose stack     at Request._callback (C:\Program Files\nodejs\node_modules\npm\node_modules\npm-registry-client\lib\request.js:210:14)
17 verbose stack     at Request.self.callback (C:\Program Files\nodejs\node_modules\npm\node_modules\request\request.js:187:22)
17 verbose stack     at emitTwo (events.js:106:13)
17 verbose stack     at Request.emit (events.js:191:7)
17 verbose stack     at Request.<anonymous> (C:\Program Files\nodejs\node_modules\npm\node_modules\request\request.js:1048:10)
17 verbose stack     at emitOne (events.js:96:13)
17 verbose stack     at Request.emit (events.js:188:7)
17 verbose stack     at IncomingMessage.<anonymous> (C:\Program Files\nodejs\node_modules\npm\node_modules\request\request.js:969:12)
18 verbose statusCode 404
19 verbose pkgid Moodle
20 verbose cwd C:\xamppNew\htdocs\123\mod\edusign\submission\signing
21 error Windows_NT 10.0.17134
22 error argv "C:\\Program Files\\nodejs\\node.exe" "C:\\Program Files\\nodejs\\node_modules\\npm\\bin\\npm-cli.js" "info"
23 error node v6.11.4
24 error npm  v3.10.10
25 error code E404
26 error 404 Not found : Moodle
27 error 404
28 error 404 'Moodle' is not in the npm registry.
29 error 404 Your package name is not valid, because
30 error 404 1. name can no longer contain capital letters
31 error 404 Note that you can also install from a
32 error 404 tarball, folder, http url, or git url.
33 verbose exit [ 1, true ]
